[Licensing::Module] Trying to connect to existing licensing client channel...
[Licensing::IpcConnector] Successfully connected to: "LicenseClient-jfforero" at "2026-04-21T18:27:36.8002908Z"
Built from '6000.4/staging' branch; Version is '6000.4.3f1 (39d1a88d4dd1) revision 3789224'; Using compiler version '194234433'; Build Type 'Release'
OS: 'Windows 10  (10.0.19045) 64bit Core' Language: 'en' Physical Memory: 24383 MB
BatchMode: 1, IsHumanControllingUs: 0, StartBugReporterOnCrash: 0, Is64bit: 1
System  architecture: x64
Process architecture: x64
Date: 2026-04-21T18:27:36Z

COMMAND LINE ARGUMENTS:
C:\Program Files\6000.4.3f1\Editor\Unity.exe
-adb2
-batchMode
-noUpm
-name
AssetImportWorker1
-projectPath
C:/Users/jfforero/Desktop/Cine_ISTEC
-logFile
Logs/AssetImportWorker1.log
-srvPort
50204
-licensingIpc
LicenseClient-jfforero
-force-d3d12
-job-worker-count
3
-background-job-worker-count
8
-gc-helper-count
1
-name
AssetImport
Successfully changed project path to: C:/Users/jfforero/Desktop/Cine_ISTEC
C:/Users/jfforero/Desktop/Cine_ISTEC
[UnityMemory] Configuration Parameters - Can be set up in boot.config
    "memorysetup-temp-allocator-size-gi-baking-worker=262144"
    "memorysetup-temp-allocator-size-gi-baking-worker=262144"
    "memorysetup-temp-allocator-size-gi-baking-worker=262144"
    "memorysetup-temp-allocator-size-gi-baking-worker=262144"
    "memorysetup-temp-allocator-size-gi-baking-worker=262144"
    "memorysetup-temp-allocator-size-nav-mesh-worker=65536"
    "memorysetup-temp-allocator-size-audio-worker=65536"
    "memorysetup-temp-allocator-size-cloud-worker=32768"
    "memorysetup-temp-allocator-size-gfx=262144"
    "memorysetup-temp-allocator-size-preload-manager=33554432"
    "memorysetup-temp-allocator-size-job-worker=262144"
    "memorysetup-temp-allocator-size-background-worker=32768"
    "memorysetup-allocator-temp-initial-block-size-main=262144"
    "memorysetup-allocator-temp-initial-block-size-worker=262144"
    "memorysetup-bucket-allocator-granularity=16"
    "memorysetup-bucket-allocator-bucket-count=8"
    "memorysetup-bucket-allocator-block-size=33554432"
    "memorysetup-bucket-allocator-block-count=8"
    "memorysetup-main-allocator-block-size=16777216"
    "memorysetup-thread-allocator-block-size=16777216"
    "memorysetup-gfx-main-allocator-block-size=16777216"
    "memorysetup-gfx-thread-allocator-block-size=16777216"
    "memorysetup-cache-allocator-block-size=4194304"
    "memorysetup-typetree-allocator-block-size=2097152"
    "memorysetup-profiler-bucket-allocator-granularity=16"
    "memorysetup-profiler-bucket-allocator-bucket-count=8"
    "memorysetup-profiler-bucket-allocator-block-size=33554432"
    "memorysetup-profiler-bucket-allocator-block-count=8"
    "memorysetup-profiler-allocator-block-size=16777216"
    "memorysetup-profiler-editor-allocator-block-size=1048576"
    "memorysetup-temp-allocator-size-main=16777216"
    "memorysetup-job-temp-allocator-block-size=2097152"
    "memorysetup-job-temp-allocator-block-size-background=1048576"
    "memorysetup-job-temp-allocator-reduction-small-platforms=262144"
Player connection [19832]  Target information:

Player connection [19832]  * "[IP] 192.168.202.192 [Port] 0 [Flags] 2 [Guid] 4119359758 [EditorId] 4119359758 [Version] 1048832 [Id] WindowsEditor(7,LAPTOP-TS19BOCV) [Debug] 1 [PackageName] WindowsEditor [ProjectName] Editor" 

Player connection [19832] Host joined multi-casting on [225.0.0.222:54997]...
Player connection [19832] Host joined alternative multi-casting on [225.0.0.222:34997]...
JobSystem: Creating JobQueue using job-worker-count value 3
Input System module state changed to: Initialized.
[Physics::Module] Initialized fallback backend.
[Physics::Module] Id: 0xdecafbad
Library Redirect Path: Library/
[Physics::Module] Selected backend.
[Physics::Module] Name: PhysX
[Physics::Module] Id: 0xf2b8ea05
[Physics::Module] SDK Version: 4.1.2
[Physics::Module] Integration Version: 1.0.0
[Physics::Module] Threading Mode: Multi-Threaded
Refreshing native plugins compatible for Editor in 27.13 ms, found 4 plugins.
Initialize engine version: 6000.4.3f1 (39d1a88d4dd1)
[Subsystems] Discovering subsystems at path C:/Program Files/6000.4.3f1/Editor/Data/Resources/UnitySubsystems
[Subsystems] Discovering subsystems at path C:/Users/jfforero/Desktop/Cine_ISTEC/Assets
Forcing GfxDevice: Direct3D 12
GfxDevice: creating device client; kGfxThreadingModeNonThreaded
d3d12: failed to query info queue interface (0x80004002).
Direct3D:
    Version:         Direct3D 12 [level 12.1]
    Renderer:        NVIDIA GeForce GTX 1660 Ti with Max-Q Design (ID=0x2191)
    Vendor:          NVIDIA
    VRAM:            5966 MB
    App VRAM Budget: 5198 MB
    Driver:          32.0.15.7270
Initialize mono
Mono path[0] = 'C:/Program Files/6000.4.3f1/Editor/Data/Managed'
Mono path[1] = 'C:/Program Files/6000.4.3f1/Editor/Data/MonoBleedingEdge/lib/mono/unityjit-win32'
Mono config path = 'C:/Program Files/6000.4.3f1/Editor/Data/MonoBleedingEdge/etc'
Using monoOptions --debugger-agent=transport=dt_socket,embedding=1,server=y,suspend=n,address=127.0.0.1:56428
CodeReloadManager initialized
Begin MonoManager ReloadAssembly
[Licensing::Client] Error: HandshakeResponse reported an error:
	ResponseCode: 505
	ResponseStatus: Unsupported protocol version '1.18.1'.
[Licensing::Module] Error: Failed to handshake to channel: "LicenseClient-jfforero"
[Licensing::IpcConnector] LicenseClient-jfforero channel disconnected successfully.
[Licensing::IpcConnector] Successfully connected to: "LicenseClient-jfforero-6000.4.3" at "2026-04-21T18:27:40.8785354Z"
Registering precompiled unity dll's ...
Register platform support module: C:/Program Files/6000.4.3f1/Editor/Data/PlaybackEngines/WebGLSupport/UnityEditor.WebGL.Extensions.dll
Register platform support module: C:/Program Files/6000.4.3f1/Editor/Data/PlaybackEngines/WindowsStandaloneSupport/UnityEditor.WindowsStandalone.Extensions.dll
Registered in 0.018012 seconds.
Native extension for WindowsStandalone target not found
Native extension for WebGL target not found
Package Manager log level set to [2]
[Package Manager] Failed to launch server process. Reason: Unity was launched with the -noUpm command-line argument
[Package Manager] Unable to send message (not connected to server process).
[Package Manager] Cannot connect to Unity Package Manager local server
ScheduleIndexationOnStartup MainProcess:False IndexOnStartup:True
[Licensing::Client] Handshaking with LicensingClient:
  Version:                 1.18.1+9fbee8e
  Session Id:              950b30a5668b4a0984de48c6cfdffb65
  Correlation Id:          645fe82c0a27d50334c63c7769bb5449
  External correlation Id: 5606822930958874317
  Machine Id:              rVTMqRDBDxUCLZPvFKmTfiBsPgw=
[Licensing::Module] Successfully connected to LicensingClient on channel: "LicenseClient-jfforero-6000.4.3" (connect: 0.01s, validation: 0.00s, handshake: 4.27s)
[Licensing::IpcConnector] Successfully connected to: "LicenseClient-jfforero-6000.4.3-notifications" at "2026-04-21T18:27:45.1540906Z"
[Licensing::Module] Licensing Background thread has ended after 8.35s
Mono: successfully reloaded assembly
- Finished resetting the current domain, in  2.233 seconds
Domain Reload Profiling: 4927ms
	BeginReloadAssembly (586ms)
	RebuildCommonClasses (454ms)
	RebuildNativeTypeToScriptingClass (102ms)
	initialDomainReloadingComplete (508ms)
	LoadAllAssembliesAndSetupDomain (1040ms)
		LoadAssemblies (575ms)
		AnalyzeDomain (982ms)
			TypeCache.Refresh (978ms)
				TypeCache.ScanAssembly (923ms)
	FinalizeReload (2236ms)
		SetupLoadedEditorAssemblies (0ms)
			InitializePlatformSupportModulesInManaged (219ms)
			BeforeProcessingInitializeOnLoad (660ms)
			ProcessInitializeOnLoadAttributes (709ms)
			ProcessInitializeOnLoadMethodAttributes (285ms)
Assembly reference Packages/com.unity.cinemachine/Editor/Samples/ExposeHDRPInternals/HDRP-Editor-ref.asmref has no target assembly definition
========================================================================
Worker process is ready to serve import requests
Import Worker Mode flag is 0x00
Assembly reference Packages/com.unity.cinemachine/Editor/Samples/ExposeHDRPInternals/HDRP-Editor-ref.asmref has no target assembly definition
Assembly reference Packages/com.unity.cinemachine/Editor/Samples/ExposeHDRPInternals/HDRP-Editor-ref.asmref has no target assembly definition
Begin MonoManager ReloadAssembly
[Licensing::Client] Successfully resolved entitlement details
[Licensing::Module] License group:
  Id: 6872812123826-UnityPersXXXX
  Product: Unity Personal
  Type: Assigned
  Expiration: Unlimited
Assembly Assembly-CSharp-Editor-firstpass.dll at Library/ScriptAssemblies/Assembly-CSharp-Editor-firstpass.dll not valid. Loading of assembly skipped.
Assembly Assembly-CSharp-Editor.dll at Library/ScriptAssemblies/Assembly-CSharp-Editor.dll not valid. Loading of assembly skipped.
Assembly Assembly-CSharp-firstpass.dll at Library/ScriptAssemblies/Assembly-CSharp-firstpass.dll not valid. Loading of assembly skipped.
Assembly Assembly-CSharp.dll at Library/ScriptAssemblies/Assembly-CSharp.dll not valid. Loading of assembly skipped.
Assembly DocCodeExamples.dll at Library/ScriptAssemblies/DocCodeExamples.dll not valid. Loading of assembly skipped.
Assembly TestNewCustomAssembly.dll at Library/ScriptAssemblies/TestNewCustomAssembly.dll not valid. Loading of assembly skipped.
Assembly Unity.Collections.BurstCompatibilityGen.dll at Library/ScriptAssemblies/Unity.Collections.BurstCompatibilityGen.dll not valid. Loading of assembly skipped.
Assembly Unity.Collections.DocCodeSamples.dll at Library/ScriptAssemblies/Unity.Collections.DocCodeSamples.dll not valid. Loading of assembly skipped.
Assembly Unity.Collections.PerformanceTests.dll at Library/ScriptAssemblies/Unity.Collections.PerformanceTests.dll not valid. Loading of assembly skipped.
Assembly Unity.Collections.Tests.dll at Library/ScriptAssemblies/Unity.Collections.Tests.dll not valid. Loading of assembly skipped.
Assembly Unity.Collections.Tests.Playmode.dll at Library/ScriptAssemblies/Unity.Collections.Tests.Playmode.dll not valid. Loading of assembly skipped.
Assembly Unity.InputSystem.IntegrationTests.dll at Library/ScriptAssemblies/Unity.InputSystem.IntegrationTests.dll not valid. Loading of assembly skipped.
Assembly Unity.Mathematics.Tests.dll at Library/ScriptAssemblies/Unity.Mathematics.Tests.dll not valid. Loading of assembly skipped.
Assembly Unity.Multiplayer.Center.Editor.Tests.dll at Library/ScriptAssemblies/Unity.Multiplayer.Center.Editor.Tests.dll not valid. Loading of assembly skipped.
Assembly Unity.Multiplayer.Center.Tests.dll at Library/ScriptAssemblies/Unity.Multiplayer.Center.Tests.dll not valid. Loading of assembly skipped.
Assembly Unity.Nuget.Mono-Cecil.dll at Library/ScriptAssemblies/Unity.Nuget.Mono-Cecil.dll not valid. Loading of assembly skipped.
Assembly Unity.PathTracing.Editor.Tests.dll at Library/ScriptAssemblies/Unity.PathTracing.Editor.Tests.dll not valid. Loading of assembly skipped.
Assembly Unity.PathTracing.Runtime.Tests.dll at Library/ScriptAssemblies/Unity.PathTracing.Runtime.Tests.dll not valid. Loading of assembly skipped.
Assembly Unity.RenderPipelines.Core.Editor.Tests.dll at Library/ScriptAssemblies/Unity.RenderPipelines.Core.Editor.Tests.dll not valid. Loading of assembly skipped.
Assembly Unity.RenderPipelines.Core.Runtime.Tests.dll at Library/ScriptAssemblies/Unity.RenderPipelines.Core.Runtime.Tests.dll not valid. Loading of assembly skipped.
Assembly Unity.RenderPipelines.Universal.Config.Editor.Tests.dll at Library/ScriptAssemblies/Unity.RenderPipelines.Universal.Config.Editor.Tests.dll not valid. Loading of assembly skipped.
Assembly Unity.RenderPipelines.Universal.Editor.Tests.dll at Library/ScriptAssemblies/Unity.RenderPipelines.Universal.Editor.Tests.dll not valid. Loading of assembly skipped.
Assembly Unity.RenderPipelines.Universal.Runtime.Tests.dll at Library/ScriptAssemblies/Unity.RenderPipelines.Universal.Runtime.Tests.dll not valid. Loading of assembly skipped.
Assembly Unity.Searcher.EditorTests.dll at Library/ScriptAssemblies/Unity.Searcher.EditorTests.dll not valid. Loading of assembly skipped.
Assembly Unity.Settings.Tests.dll at Library/ScriptAssemblies/Unity.Settings.Tests.dll not valid. Loading of assembly skipped.
Assembly Unity.ShaderGraph.Editor.Tests.dll at Library/ScriptAssemblies/Unity.ShaderGraph.Editor.Tests.dll not valid. Loading of assembly skipped.
Assembly Unity.TextMeshPro.Editor.Tests.dll at Library/ScriptAssemblies/Unity.TextMeshPro.Editor.Tests.dll not valid. Loading of assembly skipped.
Assembly Unity.TextMeshPro.Tests.dll at Library/ScriptAssemblies/Unity.TextMeshPro.Tests.dll not valid. Loading of assembly skipped.
Assembly Unity.UnifiedRayTracing.Editor.Tests.dll at Library/ScriptAssemblies/Unity.UnifiedRayTracing.Editor.Tests.dll not valid. Loading of assembly skipped.
Assembly UnityEditor.UI.Common.Tests.dll at Library/ScriptAssemblies/UnityEditor.UI.Common.Tests.dll not valid. Loading of assembly skipped.
Assembly UnityEditor.UI.EditorTests.dll at Library/ScriptAssemblies/UnityEditor.UI.EditorTests.dll not valid. Loading of assembly skipped.
Assembly UnityEngine.UI.Tests.dll at Library/ScriptAssemblies/UnityEngine.UI.Tests.dll not valid. Loading of assembly skipped.
Assembly reference Packages/com.unity.cinemachine/Editor/Samples/ExposeHDRPInternals/HDRP-Editor-ref.asmref has no target assembly definition
'Packages/com.unity.cinemachine/Editor/Obsolete/CinemachineVirtualCameraBaseEditor.cs' contains partial class of Unity.Object, exactly 1 of the partial classes needs to be in a file with the same filename. This is to know the one that can be referenced from ie. GameObjects
'Packages/com.unity.cinemachine/Editor/Editors/CinemachineVirtualCameraBaseEditor.cs' contains partial class of Unity.Object, exactly 1 of the partial classes needs to be in a file with the same filename. This is to know the one that can be referenced from ie. GameObjects
Refreshing native plugins compatible for Editor in 6.64 ms, found 4 plugins.
Native extension for WindowsStandalone target not found
Native extension for WebGL target not found
Assembly reference Packages/com.unity.cinemachine/Editor/Samples/ExposeHDRPInternals/HDRP-Editor-ref.asmref has no target assembly definition
[Package Manager] Failed to launch server process. Reason: Unity was launched with the -noUpm command-line argument
[Package Manager] Unable to send message (not connected to server process).
[Package Manager] Cannot connect to Unity Package Manager local server
[Package Manager] Failed to launch server process. Reason: Unity was launched with the -noUpm command-line argument
[Package Manager] Unable to send message (not connected to server process).
[Package Manager] Cannot connect to Unity Package Manager local server
[Package Manager] Failed to launch server process. Reason: Unity was launched with the -noUpm command-line argument
[Package Manager] Unable to send message (not connected to server process).
[Package Manager] Cannot connect to Unity Package Manager local server
Refreshing native plugins compatible for Editor in 8.10 ms, found 4 plugins.
ScheduleIndexationOnStartup MainProcess:False IndexOnStartup:True
Mono: successfully reloaded assembly
- Finished resetting the current domain, in  2.714 seconds
Domain Reload Profiling: 5581ms
	BeginReloadAssembly (495ms)
		DisableScriptedObjects (18ms)
		CreateAndSetChildDomain (80ms)
	RebuildCommonClasses (88ms)
	RebuildNativeTypeToScriptingClass (37ms)
	initialDomainReloadingComplete (171ms)
	LoadAllAssembliesAndSetupDomain (2073ms)
		LoadAssemblies (912ms)
		AnalyzeDomain (1437ms)
			TypeCache.Refresh (1127ms)
				TypeCache.ScanAssembly (1080ms)
			BuildScriptInfoCaches (258ms)
			ResolveRequiredComponents (47ms)
	FinalizeReload (2717ms)
		SetupLoadedEditorAssemblies (0ms)
			InitializePlatformSupportModulesInManaged (7ms)
			BeforeProcessingInitializeOnLoad (690ms)
			ProcessInitializeOnLoadAttributes (990ms)
			ProcessInitializeOnLoadMethodAttributes (232ms)
			AfterProcessingInitializeOnLoad (22ms)
		AwakeInstancesAfterBackupRestoration (24ms)
Launched and connected shader compiler UnityShaderCompiler.exe after 0.04 seconds
Refreshing native plugins compatible for Editor in 5.17 ms, found 4 plugins.
Unloading 25 Unused Serialized files (Serialized files now loaded: 0)
Unloading 6923 unused Assets / (6.5 MB). Loaded Objects now: 7746.
Memory consumption went from 153.7 MB to 147.2 MB.
Total: 34.743600 ms (FindLiveObjects: 2.585600 ms CreateObjectMapping: 3.608300 ms MarkObjects: 21.007700 ms  DeleteObjects: 7.536600 ms)

========================================================================
Received Import Request.
  Time since last request: 214271.875157 seconds.
  path: Assets/TextMesh Pro/Fonts/LiberationSans.ttf
  importAddress: Guid(e3265ab4bf004d28a9537516768c1c75) Importer(2089858483,b0f066a214c2f5e87bad3c948f4d605d)
Start importing Assets/TextMesh Pro/Fonts/LiberationSans.ttf using Guid(e3265ab4bf004d28a9537516768c1c75) Importer(2089858483,b0f066a214c2f5e87bad3c948f4d605d) (ScriptedImporter) -> (Import Result ID: '3f3a27366d7e332850a26d5495cb8051') in 0.2998446 seconds [static and dynamic dependencies]. Details - ImportResultOutputID=28aeb2b6705cfde6c6e4725bfe49ebd2 DependenciesID=035077e396e9afcd1945c31a24a3728b StaticDependenciesID=8d7b10ba804405d2fb9a467f6d8c5b4f 
Number of updated asset objects reloaded before import = 0Number of asset objects unloaded after import = 3

========================================================================
Received Import Request.
  Time since last request: 0.000065 seconds.
  path: Assets/MyAssests/car-scene/textures/lights_Emissive.png
  importAddress: Guid(a48fb9e14f5f34849a5d9ccb2185ece1) Importer(2089858483,b0f066a214c2f5e87bad3c948f4d605d)
Start importing Assets/MyAssests/car-scene/textures/lights_Emissive.png using Guid(a48fb9e14f5f34849a5d9ccb2185ece1) Importer(2089858483,b0f066a214c2f5e87bad3c948f4d605d) (ScriptedImporter) -> (Import Result ID: '94af54fc47cba1e1b741c1602835feb9') in 0.1179216 seconds [static and dynamic dependencies]. Details - ImportResultOutputID=74fda6feac75b6b1d8e39efa6783a6dd DependenciesID=d86ddf94689a9e68b3b1b7f7f2149bb2 StaticDependenciesID=2acd7087cc37512bd4234cd43295ccd3 
Number of updated asset objects reloaded before import = 0Number of asset objects unloaded after import = 1

========================================================================
Received Import Request.
  Time since last request: 0.000053 seconds.
  path: Assets/MyAssests/car-scene/textures/wheels_Normal_DirectX.png
  importAddress: Guid(ccb2f73b0686f67449fe2cb33032a3e4) Importer(2089858483,b0f066a214c2f5e87bad3c948f4d605d)
Start importing Assets/MyAssests/car-scene/textures/wheels_Normal_DirectX.png using Guid(ccb2f73b0686f67449fe2cb33032a3e4) Importer(2089858483,b0f066a214c2f5e87bad3c948f4d605d) (ScriptedImporter) -> (Import Result ID: '53f98907ee2347ba15c1aecd82c846ae') in 0.0533317 seconds [static and dynamic dependencies]. Details - ImportResultOutputID=0316a068ebbb6beb28d2a57bd8be5fdc DependenciesID=3a84ecd673b0b725468a65d8cb78e247 StaticDependenciesID=175a0eda941041c422c3ee425be6aef7 
Number of updated asset objects reloaded before import = 0Number of asset objects unloaded after import = 1

========================================================================
Received Import Request.
  Time since last request: 0.000056 seconds.
  path: Assets/MyAssests/car-scene/textures/glass_Roughness.png
  importAddress: Guid(685d304a859d2d94d9c249116acae343) Importer(2089858483,b0f066a214c2f5e87bad3c948f4d605d)
Start importing Assets/MyAssests/car-scene/textures/glass_Roughness.png using Guid(685d304a859d2d94d9c249116acae343) Importer(2089858483,b0f066a214c2f5e87bad3c948f4d605d) (ScriptedImporter) -> (Import Result ID: '6fe5365acd63492ac1ae17b40aa9320b') in 0.0636189 seconds [static and dynamic dependencies]. Details - ImportResultOutputID=ab4daea10a3a37e0ee06bbdad544d467 DependenciesID=b162497e3d1a27c44ce70f615435832c StaticDependenciesID=7341b02948cba7aae058274da4ed7b48 
Number of updated asset objects reloaded before import = 0Number of asset objects unloaded after import = 1

========================================================================
Received Import Request.
  Time since last request: 0.000070 seconds.
  path: Assets/MyAssests/car-scene/textures/glass_Normal_DirectX.png
  importAddress: Guid(f5b6c375e2c9fed4085109af70d7e70f) Importer(2089858483,b0f066a214c2f5e87bad3c948f4d605d)
Start importing Assets/MyAssests/car-scene/textures/glass_Normal_DirectX.png using Guid(f5b6c375e2c9fed4085109af70d7e70f) Importer(2089858483,b0f066a214c2f5e87bad3c948f4d605d) (ScriptedImporter) -> (Import Result ID: 'a80db0062c8f1bf5fcfce097c964d441') in 0.049348 seconds [static and dynamic dependencies]. Details - ImportResultOutputID=0254ec3bb6c6b517ee24cb4df21ebed4 DependenciesID=83b0b579e6e05675e528128f34a3f376 StaticDependenciesID=4676861ec9671b17bcf44b056d4f8844 
Number of updated asset objects reloaded before import = 0Number of asset objects unloaded after import = 1

========================================================================
Received Import Request.
  Time since last request: 0.000041 seconds.
  path: Assets/MyAssests/car-scene/Materials/lantern_wall_base_1.mat
  importAddress: Guid(27b2f1ddffda5974fb45227fa2c8a988) Importer(2089858483,b0f066a214c2f5e87bad3c948f4d605d)
Start importing Assets/MyAssests/car-scene/Materials/lantern_wall_base_1.mat using Guid(27b2f1ddffda5974fb45227fa2c8a988) Importer(2089858483,b0f066a214c2f5e87bad3c948f4d605d) (ScriptedImporter) -> (Import Result ID: '74a3bc8a2f703ed9596011c47d6f4f09') in 0.0924198 seconds [static and dynamic dependencies]. Details - ImportResultOutputID=8837bda5717aad45820b1273bb5a98e5 DependenciesID=57993b6d2cebb7918cc4c95de37f1a6f StaticDependenciesID=6d09534d21256df38d7317ac5ac2a961 
Number of updated asset objects reloaded before import = 0Number of asset objects unloaded after import = 1

========================================================================
Received Import Request.
  Time since last request: 0.000041 seconds.
  path: Assets/TextMesh Pro/Shaders/TMPro_Properties.cginc
  importAddress: Guid(3997e2241185407d80309a82f9148466) Importer(2089858483,b0f066a214c2f5e87bad3c948f4d605d)
Start importing Assets/TextMesh Pro/Shaders/TMPro_Properties.cginc using Guid(3997e2241185407d80309a82f9148466) Importer(2089858483,b0f066a214c2f5e87bad3c948f4d605d) (ScriptedImporter) -> (Import Result ID: '63e7580997416b2f7b1588a4cb912aa2') in 0.0327602 seconds [static and dynamic dependencies]. Details - ImportResultOutputID=7c44837e3aa667d10e99ab36308b7238 DependenciesID=d8bf32c9fa39ab945d5c90b830d0ff41 StaticDependenciesID=ab070b6b75eb729a41727b84a827f49d 
Number of updated asset objects reloaded before import = 0Number of asset objects unloaded after import = 1

========================================================================
Received Import Request.
  Time since last request: 0.000037 seconds.
  path: Assets/Scenes/MyCarScene.unity
  importAddress: Guid(e141a9fd1bf35fe478b0ef3fe8a32a50) Importer(2089858483,b0f066a214c2f5e87bad3c948f4d605d)
Start importing Assets/Scenes/MyCarScene.unity using Guid(e141a9fd1bf35fe478b0ef3fe8a32a50) Importer(2089858483,b0f066a214c2f5e87bad3c948f4d605d) (ScriptedImporter) -> (Import Result ID: '5556d88ec188e96702225ee3090c265a') in 0.0341565 seconds [static and dynamic dependencies]. Details - ImportResultOutputID=1b5ea83a0bfade2c20f8a0dec8d14d66 DependenciesID=c22f760f130b8a95de9be7b364914ac8 StaticDependenciesID=4d26e6250d3151ba357105d9bb1e90c8 
Number of updated asset objects reloaded before import = 0Number of asset objects unloaded after import = 1

========================================================================
Received Import Request.
  Time since last request: 0.000060 seconds.
  path: Assets/TextMesh Pro/Shaders/TMP_SDF-URP Lit.shadergraph
  importAddress: Guid(a3d800b099a06e0478fb790c5e79057a) Importer(2089858483,b0f066a214c2f5e87bad3c948f4d605d)
Start importing Assets/TextMesh Pro/Shaders/TMP_SDF-URP Lit.shadergraph using Guid(a3d800b099a06e0478fb790c5e79057a) Importer(2089858483,b0f066a214c2f5e87bad3c948f4d605d) (ScriptedImporter) -> (Import Result ID: 'd87291a67bb11441624a08acd4c08c7c') in 0.1266432 seconds [static and dynamic dependencies]. Details - ImportResultOutputID=aa683612df857401f7c79f4f1fdf88e0 DependenciesID=eba4c844979062d470c739f308d4f02a StaticDependenciesID=862a4b64adc3cbc3af4bdbed03dcd58a 
Number of updated asset objects reloaded before import = 0Number of asset objects unloaded after import = 4

========================================================================
Received Import Request.
  Time since last request: 0.000066 seconds.
  path: Assets/MyAssests/car-scene/Materials/interior.mat
  importAddress: Guid(7a191aa633110e842be8994671c2c6d4) Importer(2089858483,b0f066a214c2f5e87bad3c948f4d605d)
Start importing Assets/MyAssests/car-scene/Materials/interior.mat using Guid(7a191aa633110e842be8994671c2c6d4) Importer(2089858483,b0f066a214c2f5e87bad3c948f4d605d) (ScriptedImporter) -> (Import Result ID: '964de7faa97e2dc7ad0757f53f975245') in 0.030506 seconds [static and dynamic dependencies]. Details - ImportResultOutputID=ceb7479ffd3a0807bc6fdd8c9828d0f0 DependenciesID=36f4eacdb5adffe5016a3d6e0fe7a145 StaticDependenciesID=7195ee42117247af01cdf0238114474f 
Number of updated asset objects reloaded before import = 0Number of asset objects unloaded after import = 1

========================================================================
Received Import Request.
  Time since last request: 0.000032 seconds.
  path: Assets/MyAssests/car-scene/textures/wheels_Metallic.png
  importAddress: Guid(8369d4e4c6299d64ba69fe3dd91f453d) Importer(2089858483,b0f066a214c2f5e87bad3c948f4d605d)
Start importing Assets/MyAssests/car-scene/textures/wheels_Metallic.png using Guid(8369d4e4c6299d64ba69fe3dd91f453d) Importer(2089858483,b0f066a214c2f5e87bad3c948f4d605d) (ScriptedImporter) -> (Import Result ID: '1a4577eda4d4b58bbbb2e873aca1356f') in 0.037165 seconds [static and dynamic dependencies]. Details - ImportResultOutputID=e7f90abdb232f8b14a002c4356053b76 DependenciesID=d79ff43984c4b6c85d1a20a46d78fcf4 StaticDependenciesID=467ced2bd5bb3d27d369c586af241435 
Number of updated asset objects reloaded before import = 0Number of asset objects unloaded after import = 1

========================================================================
Received Import Request.
  Time since last request: 0.000074 seconds.
  path: Assets/MyAssests/car-scene/textures/body_Metallic.png
  importAddress: Guid(966aeb82f81bf884aabc881717229180) Importer(2089858483,b0f066a214c2f5e87bad3c948f4d605d)
Start importing Assets/MyAssests/car-scene/textures/body_Metallic.png using Guid(966aeb82f81bf884aabc881717229180) Importer(2089858483,b0f066a214c2f5e87bad3c948f4d605d) (ScriptedImporter) -> (Import Result ID: '27e436ab567900963c9ac4636e4ad9d1') in 0.0411224 seconds [static and dynamic dependencies]. Details - ImportResultOutputID=83142a80502e4d7f51aa5e85fa0dcd1e DependenciesID=d944977332813a8f59775eaaa5c25624 StaticDependenciesID=41ccd51d81151f569d101c2905441d11 
Number of updated asset objects reloaded before import = 0Number of asset objects unloaded after import = 1

========================================================================
Received Import Request.
  Time since last request: 0.000059 seconds.
  path: Assets/TextMesh Pro/Resources/LineBreaking Leading Characters.txt
  importAddress: Guid(d82c1b31c7e74239bff1220585707d2b) Importer(2089858483,b0f066a214c2f5e87bad3c948f4d605d)
Start importing Assets/TextMesh Pro/Resources/LineBreaking Leading Characters.txt using Guid(d82c1b31c7e74239bff1220585707d2b) Importer(2089858483,b0f066a214c2f5e87bad3c948f4d605d) (ScriptedImporter) -> (Import Result ID: '78a27e857331409c30f1727ab99a74e8') in 0.0257507 seconds [static and dynamic dependencies]. Details - ImportResultOutputID=a2728856f4f263241692af46e3b37dd1 DependenciesID=b4b57beeb4264a473032fc54487d3946 StaticDependenciesID=dda605278c247b9c3f7e62e1f27042f7 
Number of updated asset objects reloaded before import = 0Number of asset objects unloaded after import = 1

========================================================================
Received Import Request.
  Time since last request: 0.000027 seconds.
  path: Assets/Scenes/NLCam.unity
  importAddress: Guid(1005a4cb309f21d4a83123b872cc9b47) Importer(2089858483,b0f066a214c2f5e87bad3c948f4d605d)
Start importing Assets/Scenes/NLCam.unity using Guid(1005a4cb309f21d4a83123b872cc9b47) Importer(2089858483,b0f066a214c2f5e87bad3c948f4d605d) (ScriptedImporter) -> (Import Result ID: '7f22a9963e90b762f3da9e8639d95065') in 0.0309047 seconds [static and dynamic dependencies]. Details - ImportResultOutputID=cee6972baf555d245dadbbb75d2eb020 DependenciesID=5b5ef9b48e342ec45db6d254b46481a1 StaticDependenciesID=b0c4585ffc62aeac51b3466a0bb86aed 
Number of updated asset objects reloaded before import = 0Number of asset objects unloaded after import = 1

========================================================================
Received Import Request.
  Time since last request: 0.000856 seconds.
  path: Assets/AnimPersonaje.controller
  importAddress: Guid(b4725a215c84ad948baee08cd68a8802) Importer(2089858483,b0f066a214c2f5e87bad3c948f4d605d)
Start importing Assets/AnimPersonaje.controller using Guid(b4725a215c84ad948baee08cd68a8802) Importer(2089858483,b0f066a214c2f5e87bad3c948f4d605d) (ScriptedImporter) -> (Import Result ID: '988aed0497fc3f8c00ff9b6601454f4c') in 0.0334017 seconds [static and dynamic dependencies]. Details - ImportResultOutputID=d23b106c2c333cdf0b3fc6e5770b1579 DependenciesID=7f342652f8b2b3136561aa8717189c3e StaticDependenciesID=812173d379963d35ef51ae1b259b137d 
Number of updated asset objects reloaded before import = 0Number of asset objects unloaded after import = 4

========================================================================
Received Import Request.
  Time since last request: 0.000081 seconds.
  path: Assets/Settings/SampleSceneProfile.asset
  importAddress: Guid(10fc4df2da32a41aaa32d77bc913491c) Importer(2089858483,b0f066a214c2f5e87bad3c948f4d605d)
Start importing Assets/Settings/SampleSceneProfile.asset using Guid(10fc4df2da32a41aaa32d77bc913491c) Importer(2089858483,b0f066a214c2f5e87bad3c948f4d605d) (ScriptedImporter) -> (Import Result ID: 'dd20702a95c9f41446620e30ccb8106e') in 0.0339029 seconds [static and dynamic dependencies]. Details - ImportResultOutputID=50108bafa2c498c67403187cff92a8c1 DependenciesID=0e70338bbed36b9ded0ba16b5015ea39 StaticDependenciesID=86e3ab624df47bc93621d2a05b042c79 
Number of updated asset objects reloaded before import = 0Number of asset objects unloaded after import = 1

========================================================================
Received Import Request.
  Time since last request: 0.000053 seconds.
  path: Assets/MyAssests/car-scene/textures/chest_low_2_PolyUnwrapperCheckerMaterial_B.png
  importAddress: Guid(031fb6dc2e8578a44bf7b4f72711c8b8) Importer(2089858483,b0f066a214c2f5e87bad3c948f4d605d)
Start importing Assets/MyAssests/car-scene/textures/chest_low_2_PolyUnwrapperCheckerMaterial_B.png using Guid(031fb6dc2e8578a44bf7b4f72711c8b8) Importer(2089858483,b0f066a214c2f5e87bad3c948f4d605d) (ScriptedImporter) -> (Import Result ID: '617f975eb8d9442e85e6ac025869100b') in 0.0661564 seconds [static and dynamic dependencies]. Details - ImportResultOutputID=a235468aed4d58816b76b99e444608cc DependenciesID=cb7bf919f6a66f4d15b7d939c4517c35 StaticDependenciesID=e250ab95f858f91a132bb94a5bb69226 
Number of updated asset objects reloaded before import = 0Number of asset objects unloaded after import = 1

========================================================================
Received Import Request.
  Time since last request: 0.000058 seconds.
  path: Assets/TextMesh Pro/Shaders/TMP_SDF-URP Unlit.shadergraph
  importAddress: Guid(124c112a6e8f1a54e8b0870e881b56d8) Importer(2089858483,b0f066a214c2f5e87bad3c948f4d605d)
Start importing Assets/TextMesh Pro/Shaders/TMP_SDF-URP Unlit.shadergraph using Guid(124c112a6e8f1a54e8b0870e881b56d8) Importer(2089858483,b0f066a214c2f5e87bad3c948f4d605d) (ScriptedImporter) -> (Import Result ID: 'ebdd642f66f73313067e72402d02fdb0') in 0.0678377 seconds [static and dynamic dependencies]. Details - ImportResultOutputID=50ff477fb8f0776ee9f56f12d495558f DependenciesID=afc5da04fdbbaec7384850431f6f9974 StaticDependenciesID=2e70c7206d9e4ef7fea767e8a8a682a4 
Number of updated asset objects reloaded before import = 0Number of asset objects unloaded after import = 4

========================================================================
Received Import Request.
  Time since last request: 0.000040 seconds.
  path: Assets/MyAssests/car-scene/Materials/lantern_wall_base_2.mat
  importAddress: Guid(763120085d4ffcc4199766d616244848) Importer(2089858483,b0f066a214c2f5e87bad3c948f4d605d)
Start importing Assets/MyAssests/car-scene/Materials/lantern_wall_base_2.mat using Guid(763120085d4ffcc4199766d616244848) Importer(2089858483,b0f066a214c2f5e87bad3c948f4d605d) (ScriptedImporter) -> (Import Result ID: 'bda3dacf1c935f4db5b51ac01261eb89') in 0.1132357 seconds [static and dynamic dependencies]. Details - ImportResultOutputID=cd06cc6faff5fc6402de554d652febb9 DependenciesID=cbd1d46454eb1457561858e68a0583ac StaticDependenciesID=3d4d2db637ada3bb6c2e195c57bcdcd3 
Number of updated asset objects reloaded before import = 0Number of asset objects unloaded after import = 1

========================================================================
Received Import Request.
  Time since last request: 0.000049 seconds.
  path: Assets/Scenes/NLCam.unity
  importAddress: Guid(1005a4cb309f21d4a83123b872cc9b47) Importer(815301076,1909f56bfc062723c751e8b465ee728b)
Start importing Assets/Scenes/NLCam.unity using Guid(1005a4cb309f21d4a83123b872cc9b47) Importer(815301076,1909f56bfc062723c751e8b465ee728b) (PreviewImporter) -> (Import Result ID: '7151aa81ffb96640b4c4a2cdd76ddb9f') in 0.0010079 seconds [static and dynamic dependencies]. Details - ImportResultOutputID=d5663e47f1faea63b4042dd06d5b0639 DependenciesID=9f6ef6d9bd4f65b55b506707794cd17d StaticDependenciesID=25e7893770b64cf7b0f62893739e568a 
Number of updated asset objects reloaded before import = 0Number of asset objects unloaded after import = 0

========================================================================
Received Import Request.
  Time since last request: 0.000037 seconds.
  path: Assets/TextMesh Pro/Shaders/SDFFunctions.hlsl
  importAddress: Guid(96de908384869cd409c75efa351d5edf) Importer(2089858483,b0f066a214c2f5e87bad3c948f4d605d)
Start importing Assets/TextMesh Pro/Shaders/SDFFunctions.hlsl using Guid(96de908384869cd409c75efa351d5edf) Importer(2089858483,b0f066a214c2f5e87bad3c948f4d605d) (ScriptedImporter) -> (Import Result ID: 'cdda7abe7aa96fdf69f9334feb16dd14') in 0.0248705 seconds [static and dynamic dependencies]. Details - ImportResultOutputID=7930d1533db0bb041c86d4fa8ed338f4 DependenciesID=c5c47cfe28a26d40b5e6e41c3c22b780 StaticDependenciesID=3bff8146d83da5cd9352f71ee2ae9e2c 
Number of updated asset objects reloaded before import = 0Number of asset objects unloaded after import = 1

========================================================================
Received Import Request.
  Time since last request: 0.000044 seconds.
  path: Assets/MyAssests/car-scene/source/car scene.fbx
  importAddress: Guid(818a48dedc72bfe49b968c604c0681b7) Importer(2089858483,b0f066a214c2f5e87bad3c948f4d605d)
Start importing Assets/MyAssests/car-scene/source/car scene.fbx using Guid(818a48dedc72bfe49b968c604c0681b7) Importer(2089858483,b0f066a214c2f5e87bad3c948f4d605d) (ScriptedImporter) -> (Import Result ID: 'ebe44c9e57704e66ce2204747f94a589') in 0.2245877 seconds [static and dynamic dependencies]. Details - ImportResultOutputID=047b8a42c8cecbea636fbff75ba99deb DependenciesID=b060a5f11eb7ee7a7c7e4d678de1719a StaticDependenciesID=943bc16a30f3ab40eb8dc355a2f893cb 
Number of updated asset objects reloaded before import = 0Number of asset objects unloaded after import = 189

========================================================================
Received Import Request.
  Time since last request: 0.000058 seconds.
  path: Assets/MyAssests/car-scene/textures/body_Roughness.png
  importAddress: Guid(fa17424f53e403c4e85a8589d4fc6921) Importer(2089858483,b0f066a214c2f5e87bad3c948f4d605d)
Start importing Assets/MyAssests/car-scene/textures/body_Roughness.png using Guid(fa17424f53e403c4e85a8589d4fc6921) Importer(2089858483,b0f066a214c2f5e87bad3c948f4d605d) (ScriptedImporter) -> (Import Result ID: '2a008fe78d2d461a9bfb40e9d4362ae0') in 0.0421277 seconds [static and dynamic dependencies]. Details - ImportResultOutputID=ba32054efdbdacd4597b4351cc67a610 DependenciesID=793550cefa5c3b8341cebd6a8a67e425 StaticDependenciesID=8ccbb7e9558f5a7d3b9054025383e4ab 
Number of updated asset objects reloaded before import = 0Number of asset objects unloaded after import = 1

========================================================================
Received Import Request.
  Time since last request: 0.000041 seconds.
  path: Assets/MyAssests/car-scene/Materials/rubber.mat
  importAddress: Guid(16fd2d1da9626c04a841e0575c6997bc) Importer(2089858483,b0f066a214c2f5e87bad3c948f4d605d)
Start importing Assets/MyAssests/car-scene/Materials/rubber.mat using Guid(16fd2d1da9626c04a841e0575c6997bc) Importer(2089858483,b0f066a214c2f5e87bad3c948f4d605d) (ScriptedImporter) -> (Import Result ID: 'bd71e14f87dbd31e8791f29b8e2a83ae') in 0.0264024 seconds [static and dynamic dependencies]. Details - ImportResultOutputID=38356b40c3d2cb7d8068ef9eb9536dec DependenciesID=47c9196d660e336170708649abfc8a54 StaticDependenciesID=2c360113a53a772c5cefdcee535c0366 
Number of updated asset objects reloaded before import = 0Number of asset objects unloaded after import = 1

========================================================================
Received Import Request.
  Time since last request: 0.000037 seconds.
  path: Assets/Material/Piso.mat
  importAddress: Guid(21498d84e61b68e438f409b1088dbe07) Importer(2089858483,b0f066a214c2f5e87bad3c948f4d605d)
Start importing Assets/Material/Piso.mat using Guid(21498d84e61b68e438f409b1088dbe07) Importer(2089858483,b0f066a214c2f5e87bad3c948f4d605d) (ScriptedImporter) -> (Import Result ID: '09689374b77f9e3afd2c48106f725c32') in 0.0454086 seconds [static and dynamic dependencies]. Details - ImportResultOutputID=2a6e291d86892af77a47dda7a2cf5a8d DependenciesID=7b198d5d2d782c1181ad8c47f49593bc StaticDependenciesID=83c74ba03a7113393fa2affd1184686f 
Number of updated asset objects reloaded before import = 0Number of asset objects unloaded after import = 4

========================================================================
Received Import Request.
  Time since last request: 0.000063 seconds.
  path: Assets/MyAssests/car-scene/Materials/glass_Base_Color.mat
  importAddress: Guid(287acf16743f7194a8992de92d99d323) Importer(2089858483,b0f066a214c2f5e87bad3c948f4d605d)
Start importing Assets/MyAssests/car-scene/Materials/glass_Base_Color.mat using Guid(287acf16743f7194a8992de92d99d323) Importer(2089858483,b0f066a214c2f5e87bad3c948f4d605d) (ScriptedImporter) -> (Import Result ID: 'f83d093f6135de9a2bf8242b5e7f03b7') in 0.0299779 seconds [static and dynamic dependencies]. Details - ImportResultOutputID=325de753e0c932ff59d21a20578cab8e DependenciesID=10dd12c20f6fd2be127598721f52d2dd StaticDependenciesID=167d52105181c26adee1663a65f420f1 
Number of updated asset objects reloaded before import = 0Number of asset objects unloaded after import = 2

========================================================================
Received Import Request.
  Time since last request: 0.000037 seconds.
  path: Assets/MyAssests/car-scene/Materials/glass.mat
  importAddress: Guid(ec9822d306a0ba641bb6655fe62f90d7) Importer(2089858483,b0f066a214c2f5e87bad3c948f4d605d)
Start importing Assets/MyAssests/car-scene/Materials/glass.mat using Guid(ec9822d306a0ba641bb6655fe62f90d7) Importer(2089858483,b0f066a214c2f5e87bad3c948f4d605d) (ScriptedImporter) -> (Import Result ID: '0b2409e0f87886f6e7636e96f428c995') in 0.0405856 seconds [static and dynamic dependencies]. Details - ImportResultOutputID=e853e8b1a155f606dcdc0b03df4d8772 DependenciesID=e20486997bedfe33f38b5fb8003fc367 StaticDependenciesID=a55977db8f3c420171cbb4444d2a9893 
Number of updated asset objects reloaded before import = 0Number of asset objects unloaded after import = 5

========================================================================
Received Import Request.
  Time since last request: 0.000038 seconds.
  path: Assets/X Bot@Idle.fbx
  importAddress: Guid(ad6fec01c9b508d4b941798b02f53e6d) Importer(2089858483,b0f066a214c2f5e87bad3c948f4d605d)
Start importing Assets/X Bot@Idle.fbx using Guid(ad6fec01c9b508d4b941798b02f53e6d) Importer(2089858483,b0f066a214c2f5e87bad3c948f4d605d) (ScriptedImporter) -> (Import Result ID: 'ca9e3d2f4ca90245054b2a0802a8947c') in 0.0614194 seconds [static and dynamic dependencies]. Details - ImportResultOutputID=6cf9357812c4cb5d2bdb56a641d47cd3 DependenciesID=ca4dedc8b69238647821003a524ac28c StaticDependenciesID=9afea821509ea206320ce62ea51711ff 
Number of updated asset objects reloaded before import = 0Number of asset objects unloaded after import = 145

========================================================================
Received Import Request.
  Time since last request: 0.000064 seconds.
  path: Assets/TextMesh Pro/Shaders/TMP_SDF-HDRP UNLIT.shadergraph
  importAddress: Guid(f63d574838ccfb44f84acc05fed0af48) Importer(2089858483,b0f066a214c2f5e87bad3c948f4d605d)
Start importing Assets/TextMesh Pro/Shaders/TMP_SDF-HDRP UNLIT.shadergraph using Guid(f63d574838ccfb44f84acc05fed0af48) Importer(2089858483,b0f066a214c2f5e87bad3c948f4d605d) (ScriptedImporter) -> (Import Result ID: '3e5b0f6ee95574b495d301c24b8e400a') in 0.0229993 seconds [static and dynamic dependencies]. Details - ImportResultOutputID=c3497773048928ab80408966687400b8 DependenciesID=5d80eade8f3ba71b3349bcc94ff3941a StaticDependenciesID=76664a18f50202a4e669f6b3997590d2 
Number of updated asset objects reloaded before import = 0Number of asset objects unloaded after import = 3

========================================================================
Received Import Request.
  Time since last request: 0.000031 seconds.
  path: Assets/TextMesh Pro/Shaders/TMP_SDF-Mobile Masking.shader
  importAddress: Guid(bc1ede39bf3643ee8e493720e4259791) Importer(2089858483,b0f066a214c2f5e87bad3c948f4d605d)
Start importing Assets/TextMesh Pro/Shaders/TMP_SDF-Mobile Masking.shader using Guid(bc1ede39bf3643ee8e493720e4259791) Importer(2089858483,b0f066a214c2f5e87bad3c948f4d605d) (ScriptedImporter) -> (Import Result ID: 'f93014177d40783681644606bf746f67') in 0.018772 seconds [static and dynamic dependencies]. Details - ImportResultOutputID=7b74ad65fcbcca91c0c033a04613d1ed DependenciesID=9880e2cc8581c004e12a1775f90cb063 StaticDependenciesID=b2e4bad493ac3537cb302ac08a5c77f9 
Number of updated asset objects reloaded before import = 0Number of asset objects unloaded after import = 1

========================================================================
Received Import Request.
  Time since last request: 0.000032 seconds.
  path: Assets/Settings/PC_Renderer.asset
  importAddress: Guid(f288ae1f4751b564a96ac7587541f7a2) Importer(2089858483,b0f066a214c2f5e87bad3c948f4d605d)
Start importing Assets/Settings/PC_Renderer.asset using Guid(f288ae1f4751b564a96ac7587541f7a2) Importer(2089858483,b0f066a214c2f5e87bad3c948f4d605d) (ScriptedImporter) -> (Import Result ID: '47c91d0b3f3d8ce5dae72793983dee70') in 0.0813064 seconds [static and dynamic dependencies]. Details - ImportResultOutputID=67d63788b579bcc0cf41f91fedfb77e8 DependenciesID=2befec61041d72b8a5b8c0d20991c443 StaticDependenciesID=2c3f6972d0f296b116fd4923e143a841 
Number of updated asset objects reloaded before import = 0Number of asset objects unloaded after import = 1

========================================================================
Received Import Request.
  Time since last request: 0.000049 seconds.
  path: Assets/MyAssests/car-scene/textures/lights_Opacity.png
  importAddress: Guid(d0ef5741a9f2a3f4cbe81fe3c56919fd) Importer(2089858483,b0f066a214c2f5e87bad3c948f4d605d)
Start importing Assets/MyAssests/car-scene/textures/lights_Opacity.png using Guid(d0ef5741a9f2a3f4cbe81fe3c56919fd) Importer(2089858483,b0f066a214c2f5e87bad3c948f4d605d) (ScriptedImporter) -> (Import Result ID: '0b88f8d9c90715571cbf59a737f95d6f') in 0.052816 seconds [static and dynamic dependencies]. Details - ImportResultOutputID=e9a2f5f0a47cfa0cb1e2be6ffaeaf487 DependenciesID=62cabb0974e26728b52366459b867efb StaticDependenciesID=feea3520d317fafffc9643d7ffc7a5ad 
Number of updated asset objects reloaded before import = 0Number of asset objects unloaded after import = 1

========================================================================
Received Import Request.
  Time since last request: 0.000029 seconds.
  path: Assets/MyAssests/car-scene/textures/body_Normal_DirectX.png
  importAddress: Guid(ea11c167c549b804b82b5bd602a91a53) Importer(2089858483,b0f066a214c2f5e87bad3c948f4d605d)
Start importing Assets/MyAssests/car-scene/textures/body_Normal_DirectX.png using Guid(ea11c167c549b804b82b5bd602a91a53) Importer(2089858483,b0f066a214c2f5e87bad3c948f4d605d) (ScriptedImporter) -> (Import Result ID: '753fd00bdb6cb8f94f4938873deea718') in 0.02884 seconds [static and dynamic dependencies]. Details - ImportResultOutputID=6c8f2ccb04628df267e1450dc49e3c14 DependenciesID=a01f1b53c86a3cd2b33cb6f4c596aa01 StaticDependenciesID=eea9f7a71bea2443d7c391f6acd5b3df 
Number of updated asset objects reloaded before import = 0Number of asset objects unloaded after import = 1

========================================================================
Received Import Request.
  Time since last request: 0.000043 seconds.
  path: Assets/MyAssests/car-scene/textures/glass_Metallic.png
  importAddress: Guid(29807aaa694f7cb4295bb8132822f770) Importer(2089858483,b0f066a214c2f5e87bad3c948f4d605d)
Start importing Assets/MyAssests/car-scene/textures/glass_Metallic.png using Guid(29807aaa694f7cb4295bb8132822f770) Importer(2089858483,b0f066a214c2f5e87bad3c948f4d605d) (ScriptedImporter) -> (Import Result ID: '77f7e8046a0dbeeb65e59aea10adedba') in 0.0523481 seconds [static and dynamic dependencies]. Details - ImportResultOutputID=a70e7dce5b81c559408db8175171c430 DependenciesID=baf181ddd3d74933361e3326de3c16b2 StaticDependenciesID=6306bffbd428ef01584d768291726d83 
Number of updated asset objects reloaded before import = 0Number of asset objects unloaded after import = 1

========================================================================
Received Import Request.
  Time since last request: 0.000159 seconds.
  path: Assets/MyAssests/car-scene/textures/glass_Base_Color.png
  importAddress: Guid(58ab561111544494cb9434864120e022) Importer(2089858483,b0f066a214c2f5e87bad3c948f4d605d)
Start importing Assets/MyAssests/car-scene/textures/glass_Base_Color.png using Guid(58ab561111544494cb9434864120e022) Importer(2089858483,b0f066a214c2f5e87bad3c948f4d605d) (ScriptedImporter) -> (Import Result ID: 'b0b415039cb6b2cadbb47aec8a300427') in 0.1107834 seconds [static and dynamic dependencies]. Details - ImportResultOutputID=f44130c4101dc2616c28f3715455051f DependenciesID=5d518e4bd28578981e38dc0e8b61cc30 StaticDependenciesID=2a959787e1e75e8b085095c3e4aa76ca 
Number of updated asset objects reloaded before import = 0Number of asset objects unloaded after import = 1

========================================================================
Received Import Request.
  Time since last request: 0.000055 seconds.
  path: Assets/MyAssests/car-scene/textures/body_Base_Color.png
  importAddress: Guid(63e3424623626b9498e192b3a6930927) Importer(2089858483,b0f066a214c2f5e87bad3c948f4d605d)
Start importing Assets/MyAssests/car-scene/textures/body_Base_Color.png using Guid(63e3424623626b9498e192b3a6930927) Importer(2089858483,b0f066a214c2f5e87bad3c948f4d605d) (ScriptedImporter) -> (Import Result ID: 'e2f459af1575c8992f9325645a5eeee9') in 0.0657851 seconds [static and dynamic dependencies]. Details - ImportResultOutputID=d63304adeac4f1a221ade0ab8db06ff7 DependenciesID=9b7f12aaf92a2b959a0ea6080d1e0003 StaticDependenciesID=6dc66d0ff137a7f6a18df1c7ebe1efbf 
Number of updated asset objects reloaded before import = 0Number of asset objects unloaded after import = 1

========================================================================
Received Import Request.
  Time since last request: 0.000058 seconds.
  path: Assets/TextMesh Pro/Shaders/TMP_SDF-HDRP LIT.shadergraph
  importAddress: Guid(ca2ed216f98028c4dae6c5224a952b3c) Importer(2089858483,b0f066a214c2f5e87bad3c948f4d605d)
Start importing Assets/TextMesh Pro/Shaders/TMP_SDF-HDRP LIT.shadergraph using Guid(ca2ed216f98028c4dae6c5224a952b3c) Importer(2089858483,b0f066a214c2f5e87bad3c948f4d605d) (ScriptedImporter) -> (Import Result ID: 'fe7400cd2186a81b8fb35650e281dcf0') in 0.04732 seconds [static and dynamic dependencies]. Details - ImportResultOutputID=875af01e44413a10fee19d55fe338a30 DependenciesID=76e12806a6065d62b500afd134e4cc95 StaticDependenciesID=d2e47b0202b7793cc774999f519fc45b 
Number of updated asset objects reloaded before import = 0Number of asset objects unloaded after import = 3

========================================================================
Received Import Request.
  Time since last request: 0.000062 seconds.
  path: Assets/MyAssests/car-scene/Materials/wheels.mat
  importAddress: Guid(d773605fa824350458d2f29dac27bec2) Importer(2089858483,b0f066a214c2f5e87bad3c948f4d605d)
Start importing Assets/MyAssests/car-scene/Materials/wheels.mat using Guid(d773605fa824350458d2f29dac27bec2) Importer(2089858483,b0f066a214c2f5e87bad3c948f4d605d) (ScriptedImporter) -> (Import Result ID: '57096722a5c8444d1c8aa72c24b90f80') in 0.0468718 seconds [static and dynamic dependencies]. Details - ImportResultOutputID=f975ee68fe13e2d2e88ce17e70b26804 DependenciesID=30b80695aeec508d2ee01e011fed577b StaticDependenciesID=72c1d2f0d32ee3f6b89f2b9969726bd5 
Number of updated asset objects reloaded before import = 0Number of asset objects unloaded after import = 3

========================================================================
Received Import Request.
  Time since last request: 0.000078 seconds.
  path: Assets/TextMesh Pro/Shaders/TMP_Sprite.shader
  importAddress: Guid(cf81c85f95fe47e1a27f6ae460cf182c) Importer(2089858483,b0f066a214c2f5e87bad3c948f4d605d)
Start importing Assets/TextMesh Pro/Shaders/TMP_Sprite.shader using Guid(cf81c85f95fe47e1a27f6ae460cf182c) Importer(2089858483,b0f066a214c2f5e87bad3c948f4d605d) (ScriptedImporter) -> (Import Result ID: 'b74bb6c02b50ee9cb3b855822c8df315') in 0.0343784 seconds [static and dynamic dependencies]. Details - ImportResultOutputID=7c4b08cf9165fe6ec0e8213092b04a01 DependenciesID=fd25dbe7ec0306ade7312a98820a00f3 StaticDependenciesID=a81e5bd42182df2690e5bdad867634f4 
Number of updated asset objects reloaded before import = 0Number of asset objects unloaded after import = 1

========================================================================
Received Import Request.
  Time since last request: 0.000213 seconds.
  path: Assets/Material/Material_Personaje/Beta_HighLimbsGeoSG3.mat
  importAddress: Guid(1e3b581ebb84c9249b16c3cb0ea3a64f) Importer(2089858483,b0f066a214c2f5e87bad3c948f4d605d)
Start importing Assets/Material/Material_Personaje/Beta_HighLimbsGeoSG3.mat using Guid(1e3b581ebb84c9249b16c3cb0ea3a64f) Importer(2089858483,b0f066a214c2f5e87bad3c948f4d605d) (ScriptedImporter) -> (Import Result ID: '1be22be364f6001093e95f84e62f921c') in 0.0707049 seconds [static and dynamic dependencies]. Details - ImportResultOutputID=b2fea5198b93cba794a070ff058aca37 DependenciesID=137b5d55aa526e4187a523c1ec527663 StaticDependenciesID=1e2fb06fc4ac9ab6ad3823284cfcb9ff 
Number of updated asset objects reloaded before import = 0Number of asset objects unloaded after import = 1

========================================================================
Received Import Request.
  Time since last request: 0.000084 seconds.
  path: Assets/Material/Piso/Road012A_1K-JPG_NormalGL.jpg
  importAddress: Guid(3194879a22907f849930c1b72fc873ec) Importer(2089858483,b0f066a214c2f5e87bad3c948f4d605d)
Start importing Assets/Material/Piso/Road012A_1K-JPG_NormalGL.jpg using Guid(3194879a22907f849930c1b72fc873ec) Importer(2089858483,b0f066a214c2f5e87bad3c948f4d605d) (ScriptedImporter) -> (Import Result ID: '0bd71cdff4ebe9d706822434b1cdedf9') in 0.0796977 seconds [static and dynamic dependencies]. Details - ImportResultOutputID=63a3743cd83bb8f67ac4cd9d37f42d26 DependenciesID=fdf6bd7e15759f519abe5094df439f9f StaticDependenciesID=63817043544d3c2f0b45169e5dfa048c 
Number of updated asset objects reloaded before import = 0Number of asset objects unloaded after import = 1

========================================================================
Received Import Request.
  Time since last request: 0.000053 seconds.
  path: Assets/MyAssests/car-scene/textures/lights_Base_Color.png
  importAddress: Guid(31ecc628ae968604fbf7d0c6b0bdd5fd) Importer(2089858483,b0f066a214c2f5e87bad3c948f4d605d)
Start importing Assets/MyAssests/car-scene/textures/lights_Base_Color.png using Guid(31ecc628ae968604fbf7d0c6b0bdd5fd) Importer(2089858483,b0f066a214c2f5e87bad3c948f4d605d) (ScriptedImporter) -> (Import Result ID: 'e65bf276710141107da5c8f78cbabc16') in 0.1158486 seconds [static and dynamic dependencies]. Details - ImportResultOutputID=46f8b5b6f718e00a15c7ba93123a5c61 DependenciesID=42faa8363c8b8392949bd91fedd365d9 StaticDependenciesID=1f2a35d80bf1b6a4fc9fbe62b922e014 
Number of updated asset objects reloaded before import = 0Number of asset objects unloaded after import = 1

========================================================================
Received Import Request.
  Time since last request: 0.000150 seconds.
  path: Assets/TextMesh Pro/Shaders/TMP_SDF SSD.shader
  importAddress: Guid(14eb328de4b8eb245bb7cea29e4ac00b) Importer(2089858483,b0f066a214c2f5e87bad3c948f4d605d)
Start importing Assets/TextMesh Pro/Shaders/TMP_SDF SSD.shader using Guid(14eb328de4b8eb245bb7cea29e4ac00b) Importer(2089858483,b0f066a214c2f5e87bad3c948f4d605d) (ScriptedImporter) -> (Import Result ID: 'beea81ab82470afe88b53ac8b13e3b9c') in 0.0474241 seconds [static and dynamic dependencies]. Details - ImportResultOutputID=824b0d3decebb7e602d92184b598e946 DependenciesID=215dd8e1f94f1126ba87678cb99ef4ce StaticDependenciesID=8dab4151aa6bd08630c2d16ff94a2c92 
Number of updated asset objects reloaded before import = 0Number of asset objects unloaded after import = 1

========================================================================
Received Import Request.
  Time since last request: 0.809339 seconds.
  path: Assets/MyAssests/car-scene/Materials/lantern_wall_glass_1.mat
  importAddress: Guid(f250765c4c9b7da4b86d573fffecacbf) Importer(2089858483,b0f066a214c2f5e87bad3c948f4d605d)
Start importing Assets/MyAssests/car-scene/Materials/lantern_wall_glass_1.mat using Guid(f250765c4c9b7da4b86d573fffecacbf) Importer(2089858483,b0f066a214c2f5e87bad3c948f4d605d) (ScriptedImporter) -> (Import Result ID: '91cb1d63e3018e3633bada0a7414158f') in 0.0531801 seconds [static and dynamic dependencies]. Details - ImportResultOutputID=903882f57129d61a03442f49f0cd64f9 DependenciesID=4e101019c76b43c6bbee233761570de2 StaticDependenciesID=9d67a422deca68cd07ba83ab9a20a17b 
Number of updated asset objects reloaded before import = 0Number of asset objects unloaded after import = 1

========================================================================
Received Import Request.
  Time since last request: 0.503191 seconds.
  path: Assets/MyAssests/car-scene/textures/number_Base_Color.png
  importAddress: Guid(7ff184449ffb1374cadc86e0bba6451a) Importer(2089858483,b0f066a214c2f5e87bad3c948f4d605d)
Start importing Assets/MyAssests/car-scene/textures/number_Base_Color.png using Guid(7ff184449ffb1374cadc86e0bba6451a) Importer(2089858483,b0f066a214c2f5e87bad3c948f4d605d) (ScriptedImporter) -> (Import Result ID: '596c7e99a40512f1015944be816652c0') in 0.0546744 seconds [static and dynamic dependencies]. Details - ImportResultOutputID=b1de97246b852a6c3a73295dedbf8275 DependenciesID=e1fa4cc40eaf74c3499122860b6a8914 StaticDependenciesID=a2bc3232089c94463ff23077e71fd89d 
Number of updated asset objects reloaded before import = 0Number of asset objects unloaded after import = 1

========================================================================
Received Import Request.
  Time since last request: 0.000073 seconds.
  path: Assets/Settings/UniversalRenderPipelineGlobalSettings.asset
  importAddress: Guid(18dc0cd2c080841dea60987a38ce93fa) Importer(2089858483,b0f066a214c2f5e87bad3c948f4d605d)
Start importing Assets/Settings/UniversalRenderPipelineGlobalSettings.asset using Guid(18dc0cd2c080841dea60987a38ce93fa) Importer(2089858483,b0f066a214c2f5e87bad3c948f4d605d) (ScriptedImporter) -> (Import Result ID: 'e7842b78981d7cf3b7f381cb441e0342') in 0.3017013 seconds [static and dynamic dependencies]. Details - ImportResultOutputID=51e3f2c3258902e9ca16b131770700fa DependenciesID=d3a5ca261c12ccef4ffc92b8ffa3a959 StaticDependenciesID=09224d9ccd0d0bdead7e7b71ce42b3bc 
Number of updated asset objects reloaded before import = 0Number of asset objects unloaded after import = 0

========================================================================
Received Import Request.
  Time since last request: 0.000060 seconds.
  path: Assets/TextMesh Pro/Shaders/TMP_Bitmap.shader
  importAddress: Guid(128e987d567d4e2c824d754223b3f3b0) Importer(2089858483,b0f066a214c2f5e87bad3c948f4d605d)
Start importing Assets/TextMesh Pro/Shaders/TMP_Bitmap.shader using Guid(128e987d567d4e2c824d754223b3f3b0) Importer(2089858483,b0f066a214c2f5e87bad3c948f4d605d) (ScriptedImporter) -> (Import Result ID: 'db9101165ca8ff6d681e5d5a7bf11e33') in 0.0455504 seconds [static and dynamic dependencies]. Details - ImportResultOutputID=f3669bfcf7782bd86cb0637ab4ff26fe DependenciesID=7d77b5e9fe754698ef1729636c2edc2b StaticDependenciesID=54796b178d1ac5560e8bbc383702abfe 
Number of updated asset objects reloaded before import = 0Number of asset objects unloaded after import = 1

========================================================================
Received Import Request.
  Time since last request: 0.000058 seconds.
  path: Assets/TextMesh Pro/Resources/Sprite Assets/EmojiOne.asset
  importAddress: Guid(c41005c129ba4d66911b75229fd70b45) Importer(2089858483,b0f066a214c2f5e87bad3c948f4d605d)
Start importing Assets/TextMesh Pro/Resources/Sprite Assets/EmojiOne.asset using Guid(c41005c129ba4d66911b75229fd70b45) Importer(2089858483,b0f066a214c2f5e87bad3c948f4d605d) (ScriptedImporter) -> (Import Result ID: '90263a468d03037d3270924026ac0178') in 0.0858452 seconds [static and dynamic dependencies]. Details - ImportResultOutputID=1c7a78cb66e9a8519210ce8630a97711 DependenciesID=d9a1a54177eecb80e1b544f0b81019ea StaticDependenciesID=068ac2821dacc3dff5c8d3664b141deb 
Number of updated asset objects reloaded before import = 0Number of asset objects unloaded after import = 3

========================================================================
Received Import Request.
  Time since last request: 0.000132 seconds.
  path: Assets/MyAssests/car-scene/textures/glass_Opacity.png
  importAddress: Guid(94c72c5e0b407f64a9716137f78df2fb) Importer(2089858483,b0f066a214c2f5e87bad3c948f4d605d)
Start importing Assets/MyAssests/car-scene/textures/glass_Opacity.png using Guid(94c72c5e0b407f64a9716137f78df2fb) Importer(2089858483,b0f066a214c2f5e87bad3c948f4d605d) (ScriptedImporter) -> (Import Result ID: '2072171bfab6781dfa5e0f7ec3341cf4') in 0.0932733 seconds [static and dynamic dependencies]. Details - ImportResultOutputID=7b1be86c9b683230838880cad9ab5afb DependenciesID=81cb303830d592566d399299790acc57 StaticDependenciesID=5eaac1d870778bbbfbbc89878491e733 
Number of updated asset objects reloaded before import = 0Number of asset objects unloaded after import = 1

========================================================================
Received Import Request.
  Time since last request: 0.000087 seconds.
  path: Assets/MyAssests/car-scene/textures/wheels_Base_Color.png
  importAddress: Guid(f772e37807c25bb458adb31eca539e09) Importer(2089858483,b0f066a214c2f5e87bad3c948f4d605d)
Start importing Assets/MyAssests/car-scene/textures/wheels_Base_Color.png using Guid(f772e37807c25bb458adb31eca539e09) Importer(2089858483,b0f066a214c2f5e87bad3c948f4d605d) (ScriptedImporter) -> (Import Result ID: 'b088c082299d454dd162ee2b75e92b0c') in 0.0955224 seconds [static and dynamic dependencies]. Details - ImportResultOutputID=910bf96c88ec381ae73ac1b7cb01c5b9 DependenciesID=2a06a45e050d0c73ab7955e5a2f20e4f StaticDependenciesID=441f42141ebf3f61d84f5684d65b50a7 
Number of updated asset objects reloaded before import = 0Number of asset objects unloaded after import = 1

========================================================================
Received Import Request.
  Time since last request: 0.000091 seconds.
  path: Assets/Settings/Mobile_Renderer.asset
  importAddress: Guid(65bc7dbf4170f435aa868c779acfb082) Importer(2089858483,b0f066a214c2f5e87bad3c948f4d605d)
Start importing Assets/Settings/Mobile_Renderer.asset using Guid(65bc7dbf4170f435aa868c779acfb082) Importer(2089858483,b0f066a214c2f5e87bad3c948f4d605d) (ScriptedImporter) -> (Import Result ID: '9b5035acfd2f4d0b73cc068bf749e8d2') in 0.0519884 seconds [static and dynamic dependencies]. Details - ImportResultOutputID=c41f94b026f2dbd76e3ef9593f3aed13 DependenciesID=c11cdd2992215ca4b1a3ba8eeecbae33 StaticDependenciesID=f79026edcb2e3c342172de334d726f61 
Number of updated asset objects reloaded before import = 0Number of asset objects unloaded after import = 1

========================================================================
Received Import Request.
  Time since last request: 0.000053 seconds.
  path: Assets/TextMesh Pro/Resources/Fonts & Materials/LiberationSans SDF - Fallback.asset
  importAddress: Guid(2e498d1c8094910479dc3e1b768306a4) Importer(2089858483,b0f066a214c2f5e87bad3c948f4d605d)
Start importing Assets/TextMesh Pro/Resources/Fonts & Materials/LiberationSans SDF - Fallback.asset using Guid(2e498d1c8094910479dc3e1b768306a4) Importer(2089858483,b0f066a214c2f5e87bad3c948f4d605d) (ScriptedImporter) -> (Import Result ID: '1ee9020c1f1405bc83be68dcdb039f27') in 0.1235808 seconds [static and dynamic dependencies]. Details - ImportResultOutputID=8138fdfcf8e892a8684752f1ae920351 DependenciesID=edf6f769862fa712861445a95d4b60f7 StaticDependenciesID=8517010cdcf415fd45c6afe5df9513bc 
Number of updated asset objects reloaded before import = 0Number of asset objects unloaded after import = 5

